2020-05-16 00:15:34.017  INFO 9308 --- [main] lavalink.server.Launcher                 : 

[32m       .  [31m _                  _ _       _    [32m__ _ _
[32m      /\\ [31m| | __ ___   ____ _| (_)_ __ | | __[32m\ \ \ \
[32m     ( ( )[31m| |/ _` \ \ / / _` | | | '_ \| |/ /[32m \ \ \ \
[32m      \\/ [31m| | (_| |\ V / (_| | | | | | |   < [32m  ) ) ) )
[32m       '  [31m|_|\__,_| \_/ \__,_|_|_|_| |_|_|\_\[32m / / / /
[0m    =========================================[32m/_/_/_/[0m

	Version:        3.3.1
	Build:          997
	Build time:     25.03.2020 12:30:43 UTC
	Branch          master
	Commit:         29f68ba
	Commit time:    25.03.2020 12:28:48 UTC
	JVM:            13.0.2
	Lavaplayer      1.3.38

2020-05-16 00:15:37.145  INFO 9308 --- [main] o.s.boot.SpringApplication               : 
  .   ____          _            __ _ _
 /\\ / ___'_ __ _ _(_)_ __  __ _ \ \ \ \
( ( )\___ | '_ | '_| | '_ \/ _` | \ \ \ \
 \\/  ___)| |_)| | | | | || (_| |  ) ) ) )
  '  |____| .__|_| |_|_| |_\__, | / / / /
 =========|_|==============|___/=/_/_/_/
 :: Spring Boot ::        (v2.1.8.RELEASE)


2020-05-16 00:15:44.426  WARN 9308 --- [background-preinit] o.s.h.c.j.Jackson2ObjectMapperBuilder    : For Jackson Kotlin classes support please add "com.fasterxml.jackson.module:jackson-module-kotlin" to the classpath
2020-05-16 00:15:45.482  INFO 9308 --- [main] lavalink.server.Launcher                 : Starting Launcher on DESKTOP-KJF4M4H with PID 9308 (C:\Users\adamj\Documents\Projects\3PG\dist\lavalink\Lavalink.jar started by adamj in C:\Users\adamj\Documents\Projects\3PG\dist\lavalink)
2020-05-16 00:15:45.483  INFO 9308 --- [main] lavalink.server.Launcher                 : No active profile set, falling back to default profiles: default
2020-05-16 00:16:00.988  WARN 9308 --- [main] io.undertow.websockets.jsr               : UT026010: Buffer pool was not set on WebSocketDeploymentInfo, the default pool will be used
2020-05-16 00:16:01.197  INFO 9308 --- [main] io.undertow.servlet                      : Initializing Spring embedded WebApplicationContext
2020-05-16 00:16:01.200  INFO 9308 --- [main] o.s.web.context.ContextLoader            : Root WebApplicationContext: initialization completed in 14672 ms
2020-05-16 00:16:06.103  WARN 9308 --- [main] l.server.config.SentryConfiguration      : Turning off sentry
2020-05-16 00:16:06.188  INFO 9308 --- [main] l.s.c.AudioSendFactoryConfiguration      : OS: Windows 10, Arch: amd64
2020-05-16 00:16:06.188  INFO 9308 --- [main] l.s.c.AudioSendFactoryConfiguration      : JDA-NAS supported system detected. Enabled native audio sending.
2020-05-16 00:16:06.190  INFO 9308 --- [main] l.s.c.AudioSendFactoryConfiguration      : Setting buffer to 400ms
2020-05-16 00:16:06.190  INFO 9308 --- [main] l.s.c.AudioSendFactoryConfiguration      : Setting playlist load limit to 6
2020-05-16 00:16:17.837  INFO 9308 --- [main] c.s.d.l.tools.GarbageCollectionMonitor   : GC monitoring enabled, reporting results every 2 minutes.
2020-05-16 00:16:19.990  INFO 9308 --- [main] o.s.s.concurrent.ThreadPoolTaskExecutor  : Initializing ExecutorService 'applicationTaskExecutor'
2020-05-16 00:16:23.892  INFO 9308 --- [main] org.xnio                                 : XNIO version 3.3.8.Final
2020-05-16 00:16:23.906  INFO 9308 --- [main] org.xnio.nio                             : XNIO NIO Implementation Version 3.3.8.Final
2020-05-16 00:16:27.424  INFO 9308 --- [main] o.s.b.w.e.u.UndertowServletWebServer     : Undertow started on port(s) 2333 (http) with context path ''
2020-05-16 00:16:27.448  INFO 9308 --- [main] lavalink.server.Launcher                 : Started Launcher in 70.795 seconds (JVM running for 77.105)
2020-05-16 00:16:29.608  INFO 9308 --- [Thread-1] o.s.s.concurrent.ThreadPoolTaskExecutor  : Shutting down ExecutorService 'applicationTaskExecutor'
2020-05-16 00:16:29.610  INFO 9308 --- [Thread-1] c.s.d.l.tools.GarbageCollectionMonitor   : GC monitoring disabled.
2020-05-16 00:16:34.486  INFO 4508 --- [main] lavalink.server.Launcher                 : 

[32m       .  [31m _                  _ _       _    [32m__ _ _
[32m      /\\ [31m| | __ ___   ____ _| (_)_ __ | | __[32m\ \ \ \
[32m     ( ( )[31m| |/ _` \ \ / / _` | | | '_ \| |/ /[32m \ \ \ \
[32m      \\/ [31m| | (_| |\ V / (_| | | | | | |   < [32m  ) ) ) )
[32m       '  [31m|_|\__,_| \_/ \__,_|_|_|_| |_|_|\_\[32m / / / /
[0m    =========================================[32m/_/_/_/[0m

	Version:        3.3.1
	Build:          997
	Build time:     25.03.2020 12:30:43 UTC
	Branch          master
	Commit:         29f68ba
	Commit time:    25.03.2020 12:28:48 UTC
	JVM:            13.0.2
	Lavaplayer      1.3.38

2020-05-16 00:16:34.524  INFO 4508 --- [main] o.s.boot.SpringApplication               : 
  .   ____          _            __ _ _
 /\\ / ___'_ __ _ _(_)_ __  __ _ \ \ \ \
( ( )\___ | '_ | '_| | '_ \/ _` | \ \ \ \
 \\/  ___)| |_)| | | | | || (_| |  ) ) ) )
  '  |____| .__|_| |_|_| |_\__, | / / / /
 =========|_|==============|___/=/_/_/_/
 :: Spring Boot ::        (v2.1.8.RELEASE)


2020-05-16 00:16:34.620  INFO 4508 --- [main] lavalink.server.Launcher                 : Starting Launcher on DESKTOP-KJF4M4H with PID 4508 (C:\Users\adamj\Documents\Projects\3PG\dist\lavalink\Lavalink.jar started by adamj in C:\Users\adamj\Documents\Projects\3PG\dist\lavalink)
2020-05-16 00:16:34.621  INFO 4508 --- [main] lavalink.server.Launcher                 : No active profile set, falling back to default profiles: default
2020-05-16 00:16:34.662  WARN 4508 --- [background-preinit] o.s.h.c.j.Jackson2ObjectMapperBuilder    : For Jackson Kotlin classes support please add "com.fasterxml.jackson.module:jackson-module-kotlin" to the classpath
2020-05-16 00:16:36.206  WARN 4508 --- [main] io.undertow.websockets.jsr               : UT026010: Buffer pool was not set on WebSocketDeploymentInfo, the default pool will be used
2020-05-16 00:16:36.231  INFO 4508 --- [main] io.undertow.servlet                      : Initializing Spring embedded WebApplicationContext
2020-05-16 00:16:36.231  INFO 4508 --- [main] o.s.web.context.ContextLoader            : Root WebApplicationContext: initialization completed in 1567 ms
2020-05-16 00:16:36.580  WARN 4508 --- [main] l.server.config.SentryConfiguration      : Turning off sentry
2020-05-16 00:16:36.587  INFO 4508 --- [main] l.s.c.AudioSendFactoryConfiguration      : OS: Windows 10, Arch: amd64
2020-05-16 00:16:36.587  INFO 4508 --- [main] l.s.c.AudioSendFactoryConfiguration      : JDA-NAS supported system detected. Enabled native audio sending.
2020-05-16 00:16:36.587  INFO 4508 --- [main] l.s.c.AudioSendFactoryConfiguration      : Setting buffer to 400ms
2020-05-16 00:16:36.588  INFO 4508 --- [main] l.s.c.AudioSendFactoryConfiguration      : Setting playlist load limit to 6
2020-05-16 00:16:36.855  INFO 4508 --- [main] c.s.d.l.tools.GarbageCollectionMonitor   : GC monitoring enabled, reporting results every 2 minutes.
2020-05-16 00:16:37.259  INFO 4508 --- [main] o.s.s.concurrent.ThreadPoolTaskExecutor  : Initializing ExecutorService 'applicationTaskExecutor'
2020-05-16 00:16:37.581  INFO 4508 --- [main] org.xnio                                 : XNIO version 3.3.8.Final
2020-05-16 00:16:37.595  INFO 4508 --- [main] org.xnio.nio                             : XNIO NIO Implementation Version 3.3.8.Final
2020-05-16 00:16:37.937  INFO 4508 --- [main] o.s.b.w.e.u.UndertowServletWebServer     : Undertow started on port(s) 2333 (http) with context path ''
2020-05-16 00:16:37.944  INFO 4508 --- [main] lavalink.server.Launcher                 : Started Launcher in 3.896 seconds (JVM running for 4.314)
2020-05-16 00:16:39.739  INFO 4508 --- [XNIO-1 task-1] io.undertow.servlet                      : Initializing Spring DispatcherServlet 'dispatcherServlet'
2020-05-16 00:16:39.739  INFO 4508 --- [XNIO-1 task-1] o.s.web.servlet.DispatcherServlet        : Initializing Servlet 'dispatcherServlet'
2020-05-16 00:16:39.744  INFO 4508 --- [XNIO-1 task-1] o.s.web.servlet.DispatcherServlet        : Completed initialization in 4 ms
2020-05-16 00:16:39.893  INFO 4508 --- [XNIO-1 task-1] l.server.io.HandshakeInterceptorImpl     : Incoming connection from /127.0.0.1:50134
2020-05-16 00:16:42.590  INFO 4508 --- [XNIO-1 task-1] lavalink.server.io.SocketServer          : Connection successfully established from /127.0.0.1:50134
2020-05-16 00:31:04.532  INFO 4508 --- [XNIO-1 I/O-2] lavalink.server.io.SocketServer          : Connection closed from /127.0.0.1:50134 -- CloseStatus[code=1006, reason=]
2020-05-16 00:31:04.532  INFO 4508 --- [XNIO-1 I/O-2] lavalink.server.io.SocketContext         : Shutting down 0 playing players.
2020-05-16 00:31:10.109  INFO 4508 --- [XNIO-1 task-2] l.server.io.HandshakeInterceptorImpl     : Incoming connection from /127.0.0.1:50845
2020-05-16 00:31:10.115  INFO 4508 --- [XNIO-1 task-2] lavalink.server.io.SocketServer          : Connection successfully established from /127.0.0.1:50845
